Server running on http://localhost:3000
Found header: "Cognac Ragnaud‑Sabourin Grande Champagne 1er Cru de Cognac № 10 V.S.O.P"
Found header: "$95.00 the 700 ml bottle"
Found header: "Tesseron Cognac Lot № 90 X.O Ovation"
Found header: "$67.50 the bottle"
Found header: "Delamain Grande Champagne Cognac Pale & Dry X.O."
Found header: "$112.50 the bottle"
Found header: "Armagnac XO Domaine des Cassagnoles Famille Baumann"
Found header: "$37.50 the bottle"
Found header: "Louis Roque La Vielle Prune Réserve Brandy"
Found header: "$57.50 the bottle"
Found header: "Calvados du Pays d'Auge Fine Réserve Famille Dupont"
Found header: "$37.50 the bottle"
Found header: "Rey Campero Mezcal Joven Espadín"
Found header: "$42.50 the 750ml bottle"
Found header: "Belle de Brillet Extra Liqueur Poire Williams au Cognac"
Found header: "$37.50 the bottle"
Found header: "Potocki Wódka"
Found header: "$37.50 the bottle"
Found header: "Reisetbauer Axberg Vodka"
Found header: "$52.50 the bottle"
Found header: "Reisetbauer Blue Gin"
Found header: "$52.50 the bottle"
Found header: "Dolin Vermouth de Chambéry Dry"
Found header: "$14.99 the bottle"
Found header: "Carpano Vermouth Antica Formula"
Found header: "$42.50 the 1-litre bottle"
Found header: "$17.50 the 375ml bottle"
Found header: "Amaro Montenegro Liqueur"
Found header: "$35.00 the 750ml bottle"
Found header: "Everclear® Grain Alcohol"
Found header: "$22.50 the 1‑liter bottle"
Found header: "Contratto Aperitif Liqueur"
Found header: "$24.99 the 1-litre bottle"
Found header: "The Burnt Orange"
Found header: "Vodka"
Found header: "Aquavit"
Found header: "Gin"
Found header: "Tequila"
Found header: "Sotol"
Found header: "Mezcal"
 Matched Mezcal header!
